<?xml version="1.0" encoding="UTF-8"?>
<!-- Generated by org.testng.reporters.JUnitReportReporter -->
<testsuite hostname="Navish" failures="0" tests="1" name="demotestng.configurationtest" time="0.005" errors="0" timestamp="2025-08-23T15:32:12 IST" skipped="0">
  <testcase classname="demotestng.configurationtest" name="test1" time="0.005"/>
</testsuite> <!-- demotestng.configurationtest -->
